<?xml version="1.0" encoding="UTF-8"?>
<testsuite xmlns:xsi="http://www.w3.org/2001/XMLSchema-instance" xsi:noNamespaceSchemaLocation="https://maven.apache.org/surefire/maven-surefire-plugin/xsd/surefire-test-report.xsd" name="com.shoppoc.shared.money.MoneyTest" time="0.028" tests="7" errors="0" skipped="0" failures="0">
  <properties>
[...]
</properties>
  <testcase name="shouldCompareByValueAndCurrency" classname="com.shoppoc.shared.money.MoneyTest" time="0.01"/>
  <testcase name="shouldRejectNullAmount" classname="com.shoppoc.shared.money.MoneyTest" time="0"/>
  <testcase name="shouldRejectNegativeAmount" classname="com.shoppoc.shared.money.MoneyTest" time="0.015"/>
  <testcase name="shouldRejectAddingDifferentCurrencies" classname="com.shoppoc.shared.money.MoneyTest" time="0"/>
  <testcase name="shouldAddMoneyWithSameCurrency" classname="com.shoppoc.shared.money.MoneyTest" time="0.001"/>
  <testcase name="shouldRejectBlankCurrency" classname="com.shoppoc.shared.money.MoneyTest" time="0"/>
  <testcase name="shouldCreateMoneyWhenInputValid" classname="com.shoppoc.shared.money.MoneyTest" time="0"/>
</testsuite>